0 info it worked if it ends with ok
1 verbose cli [ 'C:\\Program Files (x86)\\nodejs\\node.exe',
1 verbose cli   'C:\\Program Files (x86)\\nodejs\\node_modules\\npm\\bin\\npm-cli.js',
1 verbose cli   'install',
1 verbose cli   'bootsrtap',
1 verbose cli   '--save-dev' ]
2 info using npm@2.15.5
3 info using node@v4.4.5
4 verbose install initial load of C:\xampp\htdocs\MyBlog\package.json
5 warn package.json html5-boilerplate@1.0.0 No description
6 warn package.json html5-boilerplate@1.0.0 No repository field.
7 warn package.json html5-boilerplate@1.0.0 No README data
8 warn package.json html5-boilerplate@1.0.0 No license field.
9 verbose installManyTop reading scoped package data from C:\xampp\htdocs\MyBlog\node_modules\amd-loader\package.json
10 verbose installManyTop reading scoped package data from C:\xampp\htdocs\MyBlog\node_modules\angular\package.json
11 verbose installManyTop reading scoped package data from C:\xampp\htdocs\MyBlog\node_modules\angular-animate\package.json
12 verbose installManyTop reading scoped package data from C:\xampp\htdocs\MyBlog\node_modules\angular-route\package.json
13 verbose installManyTop reading scoped package data from C:\xampp\htdocs\MyBlog\node_modules\bcrypt-nodejs\package.json
14 verbose installManyTop reading scoped package data from C:\xampp\htdocs\MyBlog\node_modules\body-parser\package.json
15 verbose installManyTop reading scoped package data from C:\xampp\htdocs\MyBlog\node_modules\express\package.json
16 verbose installManyTop reading scoped package data from C:\xampp\htdocs\MyBlog\node_modules\gulp\package.json
17 verbose installManyTop reading scoped package data from C:\xampp\htdocs\MyBlog\node_modules\gulp-autoprefixer\package.json
18 verbose installManyTop reading scoped package data from C:\xampp\htdocs\MyBlog\node_modules\gulp-coffee\package.json
19 verbose installManyTop reading scoped package data from C:\xampp\htdocs\MyBlog\node_modules\gulp-concat\package.json
20 verbose installManyTop reading scoped package data from C:\xampp\htdocs\MyBlog\node_modules\gulp-less\package.json
21 verbose installManyTop reading scoped package data from C:\xampp\htdocs\MyBlog\node_modules\gulp-minify-css\package.json
22 verbose installManyTop reading scoped package data from C:\xampp\htdocs\MyBlog\node_modules\gulp-minify-html\package.json
23 verbose installManyTop reading scoped package data from C:\xampp\htdocs\MyBlog\node_modules\gulp-stylus\package.json
24 verbose installManyTop reading scoped package data from C:\xampp\htdocs\MyBlog\node_modules\gulp-uglify\package.json
25 verbose installManyTop reading scoped package data from C:\xampp\htdocs\MyBlog\node_modules\gulp-watch\package.json
26 verbose installManyTop reading scoped package data from C:\xampp\htdocs\MyBlog\node_modules\jquery\package.json
27 verbose installManyTop reading scoped package data from C:\xampp\htdocs\MyBlog\node_modules\jsonwebtoken\package.json
28 verbose installManyTop reading scoped package data from C:\xampp\htdocs\MyBlog\node_modules\mongoose\package.json
29 verbose installManyTop reading scoped package data from C:\xampp\htdocs\MyBlog\node_modules\morgan\package.json
30 verbose installManyTop reading scoped package data from C:\xampp\htdocs\MyBlog\node_modules\webpack\package.json
31 verbose installManyTop reading scoped package data from C:\xampp\htdocs\MyBlog\node_modules\webpack-dev-server\package.json
32 info package.json amd-loader@0.0.5 No license field.
33 info package.json bcrypt-nodejs@0.0.3 No license field.
34 info package.json gulp@3.8.11 No license field.
35 info package.json gulp-concat@2.5.2 No license field.
36 info package.json gulp-coffee@2.2.1 No license field.
37 info package.json gulp-minify-css@0.3.13 No license field.
38 info package.json gulp-minify-html@0.1.8 No license field.
39 verbose readDependencies loading dependencies from C:\xampp\htdocs\MyBlog\package.json
40 silly cache add args [ 'bootsrtap', null ]
41 verbose cache add spec bootsrtap
42 silly cache add parsed spec Result {
42 silly cache add   raw: 'bootsrtap',
42 silly cache add   scope: null,
42 silly cache add   name: 'bootsrtap',
42 silly cache add   rawSpec: '',
42 silly cache add   spec: 'latest',
42 silly cache add   type: 'tag' }
43 silly addNamed bootsrtap@latest
44 verbose addNamed "latest" is being treated as a dist-tag for bootsrtap
45 info addNameTag [ 'bootsrtap', 'latest' ]
46 silly mapToRegistry name bootsrtap
47 silly mapToRegistry using default registry
48 silly mapToRegistry registry https://registry.npmjs.org/
49 silly mapToRegistry data Result {
49 silly mapToRegistry   raw: 'bootsrtap',
49 silly mapToRegistry   scope: null,
49 silly mapToRegistry   name: 'bootsrtap',
49 silly mapToRegistry   rawSpec: '',
49 silly mapToRegistry   spec: 'latest',
49 silly mapToRegistry   type: 'tag' }
50 silly mapToRegistry uri https://registry.npmjs.org/bootsrtap
51 verbose addNameTag registry:https://registry.npmjs.org/bootsrtap not in flight; fetching
52 verbose request uri https://registry.npmjs.org/bootsrtap
53 verbose request no auth needed
54 info attempt registry request try #1 at 21:50:36
55 verbose request id 310d6a7be9506c78
56 http request GET https://registry.npmjs.org/bootsrtap
57 http 404 https://registry.npmjs.org/bootsrtap
58 verbose headers { 'content-type': 'application/json',
58 verbose headers   'cache-control': 'max-age=0',
58 verbose headers   'content-length': '2',
58 verbose headers   'accept-ranges': 'bytes',
58 verbose headers   date: 'Wed, 29 Jun 2016 13:50:39 GMT',
58 verbose headers   via: '1.1 varnish',
58 verbose headers   age: '0',
58 verbose headers   connection: 'keep-alive',
58 verbose headers   'x-served-by': 'cache-sjc3129-SJC',
58 verbose headers   'x-cache': 'MISS',
58 verbose headers   'x-cache-hits': '0',
58 verbose headers   'x-timer': 'S1467208239.739611,VS0,VE39',
58 verbose headers   vary: 'Accept-Encoding' }
59 silly get cb [ 404,
59 silly get   { 'content-type': 'application/json',
59 silly get     'cache-control': 'max-age=0',
59 silly get     'content-length': '2',
59 silly get     'accept-ranges': 'bytes',
59 silly get     date: 'Wed, 29 Jun 2016 13:50:39 GMT',
59 silly get     via: '1.1 varnish',
59 silly get     age: '0',
59 silly get     connection: 'keep-alive',
59 silly get     'x-served-by': 'cache-sjc3129-SJC',
59 silly get     'x-cache': 'MISS',
59 silly get     'x-cache-hits': '0',
59 silly get     'x-timer': 'S1467208239.739611,VS0,VE39',
59 silly get     vary: 'Accept-Encoding' } ]
60 verbose stack Error: Registry returned 404 for GET on https://registry.npmjs.org/bootsrtap
60 verbose stack     at makeError (C:\Program Files (x86)\nodejs\node_modules\npm\node_modules\npm-registry-client\lib\request.js:264:12)
60 verbose stack     at CachingRegistryClient.<anonymous> (C:\Program Files (x86)\nodejs\node_modules\npm\node_modules\npm-registry-client\lib\request.js:242:14)
60 verbose stack     at Request._callback (C:\Program Files (x86)\nodejs\node_modules\npm\node_modules\npm-registry-client\lib\request.js:172:14)
60 verbose stack     at Request.self.callback (C:\Program Files (x86)\nodejs\node_modules\npm\node_modules\request\request.js:200:22)
60 verbose stack     at emitTwo (events.js:87:13)
60 verbose stack     at Request.emit (events.js:172:7)
60 verbose stack     at Request.<anonymous> (C:\Program Files (x86)\nodejs\node_modules\npm\node_modules\request\request.js:1067:10)
60 verbose stack     at emitOne (events.js:82:20)
60 verbose stack     at Request.emit (events.js:169:7)
60 verbose stack     at IncomingMessage.<anonymous> (C:\Program Files (x86)\nodejs\node_modules\npm\node_modules\request\request.js:988:12)
61 verbose statusCode 404
62 verbose pkgid bootsrtap
63 verbose cwd C:\xampp\htdocs\MyBlog
64 error Windows_NT 10.0.10586
65 error argv "C:\\Program Files (x86)\\nodejs\\node.exe" "C:\\Program Files (x86)\\nodejs\\node_modules\\npm\\bin\\npm-cli.js" "install" "bootsrtap" "--save-dev"
66 error node v4.4.5
67 error npm  v2.15.5
68 error code E404
69 error 404 Registry returned 404 for GET on https://registry.npmjs.org/bootsrtap
69 error 404
69 error 404 'bootsrtap' is not in the npm registry.
69 error 404 You should bug the author to publish it (or use the name yourself!)
69 error 404 It was specified as a dependency of 'html5-boilerplate'
69 error 404
69 error 404 Note that you can also install from a
69 error 404 tarball, folder, http url, or git url.
70 verbose exit [ 1, true ]
